The target system is: Emscripten - 1 - x86
The host system is: Darwin - 19.3.0 - x86_64
Determining if the include file pthread.h exists passed with the following output:
Change Dir: /Users/tmurphy/git/image/opencv/opencv_default/CMakeFiles/CMakeTmp

Run Build Command(s):/usr/bin/make cmTC_32980/fast && /Applications/Xcode.app/Contents/Developer/usr/bin/make -f CMakeFiles/cmTC_32980.dir/build.make CMakeFiles/cmTC_32980.dir/build
Building C object CMakeFiles/cmTC_32980.dir/CheckIncludeFile.c.o
/Users/tmurphy/git/image/emsdk/upstream/emscripten/emcc   -s WASM=1 -s USE_PTHREADS=0    -fsigned-char -W -Wall -Werror=return-type -Werror=non-virtual-dtor -Werror=address -Werror=sequence-point -Wformat -Werror=format-security -Wmissing-declarations -Wmissing-prototypes -Wstrict-prototypes -Wundef -Winit-self -Wpointer-arith -Wshadow -Wsign-promo -Wuninitialized -Winit-self -Winconsistent-missing-override -Wno-delete-non-virtual-dtor -Wno-unnamed-type-template-args -Wno-comment -fdiagnostics-show-option -Qunused-arguments -ffunction-sections -fdata-sections  -fvisibility=hidden -fvisibility-inlines-hidden  -DNDEBUG -O2   -o CMakeFiles/cmTC_32980.dir/CheckIncludeFile.c.o   -c /Users/tmurphy/git/image/opencv/opencv_default/CMakeFiles/CMakeTmp/CheckIncludeFile.c
Linking C executable cmTC_32980.js
/usr/local/Cellar/cmake/3.16.5/bin/cmake -E cmake_link_script CMakeFiles/cmTC_32980.dir/link.txt --verbose=1
/Users/tmurphy/git/image/emsdk/upstream/emscripten/emcc -s WASM=1 -s USE_PTHREADS=0    -fsigned-char -W -Wall -Werror=return-type -Werror=non-virtual-dtor -Werror=address -Werror=sequence-point -Wformat -Werror=format-security -Wmissing-declarations -Wmissing-prototypes -Wstrict-prototypes -Wundef -Winit-self -Wpointer-arith -Wshadow -Wsign-promo -Wuninitialized -Winit-self -Winconsistent-missing-override -Wno-delete-non-virtual-dtor -Wno-unnamed-type-template-args -Wno-comment -fdiagnostics-show-option -Qunused-arguments -ffunction-sections -fdata-sections  -fvisibility=hidden -fvisibility-inlines-hidden  -DNDEBUG -O2    -Wl,--gc-sections -Wl,--as-needed  -O2 @CMakeFiles/cmTC_32980.dir/objects1.rsp  -o cmTC_32980.js 
shared:WARNING: ignoring unsupported linker flag: `--gc-sections`
shared:WARNING: ignoring unsupported linker flag: `--as-needed`



Determining if the posix_memalign exist passed with the following output:
Change Dir: /Users/tmurphy/git/image/opencv/opencv_default/CMakeFiles/CMakeTmp

Run Build Command(s):/usr/bin/make cmTC_c7cb9/fast && /Applications/Xcode.app/Contents/Developer/usr/bin/make -f CMakeFiles/cmTC_c7cb9.dir/build.make CMakeFiles/cmTC_c7cb9.dir/build
Building C object CMakeFiles/cmTC_c7cb9.dir/CheckSymbolExists.c.o
/Users/tmurphy/git/image/emsdk/upstream/emscripten/emcc   -s WASM=1 -s USE_PTHREADS=0    -fsigned-char -W -Wall -Werror=return-type -Werror=non-virtual-dtor -Werror=address -Werror=sequence-point -Wformat -Werror=format-security -Wmissing-declarations -Wmissing-prototypes -Wstrict-prototypes -Wundef -Winit-self -Wpointer-arith -Wshadow -Wsign-promo -Wuninitialized -Winit-self -Winconsistent-missing-override -Wno-delete-non-virtual-dtor -Wno-unnamed-type-template-args -Wno-comment -fdiagnostics-show-option -Qunused-arguments -ffunction-sections -fdata-sections  -fvisibility=hidden -fvisibility-inlines-hidden  -DNDEBUG -O2   -o CMakeFiles/cmTC_c7cb9.dir/CheckSymbolExists.c.o   -c /Users/tmurphy/git/image/opencv/opencv_default/CMakeFiles/CMakeTmp/CheckSymbolExists.c
Linking C executable cmTC_c7cb9.js
/usr/local/Cellar/cmake/3.16.5/bin/cmake -E cmake_link_script CMakeFiles/cmTC_c7cb9.dir/link.txt --verbose=1
/Users/tmurphy/git/image/emsdk/upstream/emscripten/emcc -s WASM=1 -s USE_PTHREADS=0    -fsigned-char -W -Wall -Werror=return-type -Werror=non-virtual-dtor -Werror=address -Werror=sequence-point -Wformat -Werror=format-security -Wmissing-declarations -Wmissing-prototypes -Wstrict-prototypes -Wundef -Winit-self -Wpointer-arith -Wshadow -Wsign-promo -Wuninitialized -Winit-self -Winconsistent-missing-override -Wno-delete-non-virtual-dtor -Wno-unnamed-type-template-args -Wno-comment -fdiagnostics-show-option -Qunused-arguments -ffunction-sections -fdata-sections  -fvisibility=hidden -fvisibility-inlines-hidden  -DNDEBUG -O2    -Wl,--gc-sections -Wl,--as-needed  -O2 @CMakeFiles/cmTC_c7cb9.dir/objects1.rsp  -o cmTC_c7cb9.js 
shared:WARNING: ignoring unsupported linker flag: `--gc-sections`
shared:WARNING: ignoring unsupported linker flag: `--as-needed`


File /Users/tmurphy/git/image/opencv/opencv_default/CMakeFiles/CMakeTmp/CheckSymbolExists.c:
/* */
#include <stdlib.h>

int main(int argc, char** argv)
{
  (void)argv;
#ifndef posix_memalign
  return ((int*)(&posix_memalign))[argc];
#else
  (void)argc;
  return 0;
#endif
}
Determining if the include file malloc.h exists passed with the following output:
Change Dir: /Users/tmurphy/git/image/opencv/opencv_default/CMakeFiles/CMakeTmp

Run Build Command(s):/usr/bin/make cmTC_94975/fast && /Applications/Xcode.app/Contents/Developer/usr/bin/make -f CMakeFiles/cmTC_94975.dir/build.make CMakeFiles/cmTC_94975.dir/build
Building C object CMakeFiles/cmTC_94975.dir/CheckIncludeFile.c.o
/Users/tmurphy/git/image/emsdk/upstream/emscripten/emcc   -s WASM=1 -s USE_PTHREADS=0    -fsigned-char -W -Wall -Werror=return-type -Werror=non-virtual-dtor -Werror=address -Werror=sequence-point -Wformat -Werror=format-security -Wmissing-declarations -Wmissing-prototypes -Wstrict-prototypes -Wundef -Winit-self -Wpointer-arith -Wshadow -Wsign-promo -Wuninitialized -Winit-self -Winconsistent-missing-override -Wno-delete-non-virtual-dtor -Wno-unnamed-type-template-args -Wno-comment -fdiagnostics-show-option -Qunused-arguments -ffunction-sections -fdata-sections  -fvisibility=hidden -fvisibility-inlines-hidden  -DNDEBUG -O2   -o CMakeFiles/cmTC_94975.dir/CheckIncludeFile.c.o   -c /Users/tmurphy/git/image/opencv/opencv_default/CMakeFiles/CMakeTmp/CheckIncludeFile.c
Linking C executable cmTC_94975.js
/usr/local/Cellar/cmake/3.16.5/bin/cmake -E cmake_link_script CMakeFiles/cmTC_94975.dir/link.txt --verbose=1
/Users/tmurphy/git/image/emsdk/upstream/emscripten/emcc -s WASM=1 -s USE_PTHREADS=0    -fsigned-char -W -Wall -Werror=return-type -Werror=non-virtual-dtor -Werror=address -Werror=sequence-point -Wformat -Werror=format-security -Wmissing-declarations -Wmissing-prototypes -Wstrict-prototypes -Wundef -Winit-self -Wpointer-arith -Wshadow -Wsign-promo -Wuninitialized -Winit-self -Winconsistent-missing-override -Wno-delete-non-virtual-dtor -Wno-unnamed-type-template-args -Wno-comment -fdiagnostics-show-option -Qunused-arguments -ffunction-sections -fdata-sections  -fvisibility=hidden -fvisibility-inlines-hidden  -DNDEBUG -O2    -Wl,--gc-sections -Wl,--as-needed  -O2 @CMakeFiles/cmTC_94975.dir/objects1.rsp  -o cmTC_94975.js 
shared:WARNING: ignoring unsupported linker flag: `--gc-sections`
shared:WARNING: ignoring unsupported linker flag: `--as-needed`



Determining if the memalign exist passed with the following output:
Change Dir: /Users/tmurphy/git/image/opencv/opencv_default/CMakeFiles/CMakeTmp

Run Build Command(s):/usr/bin/make cmTC_9d679/fast && /Applications/Xcode.app/Contents/Developer/usr/bin/make -f CMakeFiles/cmTC_9d679.dir/build.make CMakeFiles/cmTC_9d679.dir/build
Building C object CMakeFiles/cmTC_9d679.dir/CheckSymbolExists.c.o
/Users/tmurphy/git/image/emsdk/upstream/emscripten/emcc   -s WASM=1 -s USE_PTHREADS=0    -fsigned-char -W -Wall -Werror=return-type -Werror=non-virtual-dtor -Werror=address -Werror=sequence-point -Wformat -Werror=format-security -Wmissing-declarations -Wmissing-prototypes -Wstrict-prototypes -Wundef -Winit-self -Wpointer-arith -Wshadow -Wsign-promo -Wuninitialized -Winit-self -Winconsistent-missing-override -Wno-delete-non-virtual-dtor -Wno-unnamed-type-template-args -Wno-comment -fdiagnostics-show-option -Qunused-arguments -ffunction-sections -fdata-sections  -fvisibility=hidden -fvisibility-inlines-hidden  -DNDEBUG -O2   -o CMakeFiles/cmTC_9d679.dir/CheckSymbolExists.c.o   -c /Users/tmurphy/git/image/opencv/opencv_default/CMakeFiles/CMakeTmp/CheckSymbolExists.c
Linking C executable cmTC_9d679.js
/usr/local/Cellar/cmake/3.16.5/bin/cmake -E cmake_link_script CMakeFiles/cmTC_9d679.dir/link.txt --verbose=1
/Users/tmurphy/git/image/emsdk/upstream/emscripten/emcc -s WASM=1 -s USE_PTHREADS=0    -fsigned-char -W -Wall -Werror=return-type -Werror=non-virtual-dtor -Werror=address -Werror=sequence-point -Wformat -Werror=format-security -Wmissing-declarations -Wmissing-prototypes -Wstrict-prototypes -Wundef -Winit-self -Wpointer-arith -Wshadow -Wsign-promo -Wuninitialized -Winit-self -Winconsistent-missing-override -Wno-delete-non-virtual-dtor -Wno-unnamed-type-template-args -Wno-comment -fdiagnostics-show-option -Qunused-arguments -ffunction-sections -fdata-sections  -fvisibility=hidden -fvisibility-inlines-hidden  -DNDEBUG -O2    -Wl,--gc-sections -Wl,--as-needed  -O2 @CMakeFiles/cmTC_9d679.dir/objects1.rsp  -o cmTC_9d679.js 
shared:WARNING: ignoring unsupported linker flag: `--gc-sections`
shared:WARNING: ignoring unsupported linker flag: `--as-needed`


File /Users/tmurphy/git/image/opencv/opencv_default/CMakeFiles/CMakeTmp/CheckSymbolExists.c:
/* */
#include <malloc.h>

int main(int argc, char** argv)
{
  (void)argv;
#ifndef memalign
  return ((int*)(&memalign))[argc];
#else
  (void)argc;
  return 0;
#endif
}
Determining if the function fseeko exists passed with the following output:
Change Dir: /Users/tmurphy/git/image/opencv/opencv_default/CMakeFiles/CMakeTmp

Run Build Command(s):/usr/bin/make cmTC_43098/fast && /Applications/Xcode.app/Contents/Developer/usr/bin/make -f CMakeFiles/cmTC_43098.dir/build.make CMakeFiles/cmTC_43098.dir/build
Building C object CMakeFiles/cmTC_43098.dir/CheckFunctionExists.c.o
/Users/tmurphy/git/image/emsdk/upstream/emscripten/emcc   -s WASM=1 -s USE_PTHREADS=0    -fsigned-char -W -Wall -Werror=return-type -Werror=non-virtual-dtor -Werror=address -Werror=sequence-point -Wformat -Werror=format-security -Wmissing-declarations -Wmissing-prototypes -Wstrict-prototypes -Wundef -Winit-self -Wpointer-arith -Wshadow -Wsign-promo -Wuninitialized -Winit-self -Winconsistent-missing-override -Wno-delete-non-virtual-dtor -Wno-unnamed-type-template-args -Wno-comment -fdiagnostics-show-option -Qunused-arguments -ffunction-sections -fdata-sections  -fvisibility=hidden -fvisibility-inlines-hidden -DCHECK_FUNCTION_EXISTS=fseeko -DNDEBUG -O2   -o CMakeFiles/cmTC_43098.dir/CheckFunctionExists.c.o   -c /usr/local/Cellar/cmake/3.16.5/share/cmake/Modules/CheckFunctionExists.c
Linking C executable cmTC_43098.js
/usr/local/Cellar/cmake/3.16.5/bin/cmake -E cmake_link_script CMakeFiles/cmTC_43098.dir/link.txt --verbose=1
/Users/tmurphy/git/image/emsdk/upstream/emscripten/emcc -s WASM=1 -s USE_PTHREADS=0    -fsigned-char -W -Wall -Werror=return-type -Werror=non-virtual-dtor -Werror=address -Werror=sequence-point -Wformat -Werror=format-security -Wmissing-declarations -Wmissing-prototypes -Wstrict-prototypes -Wundef -Winit-self -Wpointer-arith -Wshadow -Wsign-promo -Wuninitialized -Winit-self -Winconsistent-missing-override -Wno-delete-non-virtual-dtor -Wno-unnamed-type-template-args -Wno-comment -fdiagnostics-show-option -Qunused-arguments -ffunction-sections -fdata-sections  -fvisibility=hidden -fvisibility-inlines-hidden -DCHECK_FUNCTION_EXISTS=fseeko -DNDEBUG -O2    -Wl,--gc-sections -Wl,--as-needed  -O2 @CMakeFiles/cmTC_43098.dir/objects1.rsp  -o cmTC_43098.js 
shared:WARNING: ignoring unsupported linker flag: `--gc-sections`
shared:WARNING: ignoring unsupported linker flag: `--as-needed`
wasm-ld: warning: function signature mismatch: fseeko
>>> defined as () -> i32 in CMakeFiles/cmTC_43098.dir/CheckFunctionExists.c.o
>>> defined as (i32, i64, i32) -> i32 in /Users/tmurphy/.emscripten_cache/wasm/libc.a(fseek.c.o)



Determining if the include file unistd.h exists passed with the following output:
Change Dir: /Users/tmurphy/git/image/opencv/opencv_default/CMakeFiles/CMakeTmp

Run Build Command(s):/usr/bin/make cmTC_1d133/fast && /Applications/Xcode.app/Contents/Developer/usr/bin/make -f CMakeFiles/cmTC_1d133.dir/build.make CMakeFiles/cmTC_1d133.dir/build
Building C object CMakeFiles/cmTC_1d133.dir/CheckIncludeFile.c.o
/Users/tmurphy/git/image/emsdk/upstream/emscripten/emcc   -s WASM=1 -s USE_PTHREADS=0    -fsigned-char -W -Wall -Werror=return-type -Werror=non-virtual-dtor -Werror=address -Werror=sequence-point -Wformat -Werror=format-security -Wmissing-declarations -Wmissing-prototypes -Wstrict-prototypes -Wundef -Winit-self -Wpointer-arith -Wshadow -Wsign-promo -Wuninitialized -Winit-self -Winconsistent-missing-override -Wno-delete-non-virtual-dtor -Wno-unnamed-type-template-args -Wno-comment -fdiagnostics-show-option -Qunused-arguments -ffunction-sections -fdata-sections  -fvisibility=hidden -fvisibility-inlines-hidden  -DNDEBUG -O2   -o CMakeFiles/cmTC_1d133.dir/CheckIncludeFile.c.o   -c /Users/tmurphy/git/image/opencv/opencv_default/CMakeFiles/CMakeTmp/CheckIncludeFile.c
Linking C executable cmTC_1d133.js
/usr/local/Cellar/cmake/3.16.5/bin/cmake -E cmake_link_script CMakeFiles/cmTC_1d133.dir/link.txt --verbose=1
/Users/tmurphy/git/image/emsdk/upstream/emscripten/emcc -s WASM=1 -s USE_PTHREADS=0    -fsigned-char -W -Wall -Werror=return-type -Werror=non-virtual-dtor -Werror=address -Werror=sequence-point -Wformat -Werror=format-security -Wmissing-declarations -Wmissing-prototypes -Wstrict-prototypes -Wundef -Winit-self -Wpointer-arith -Wshadow -Wsign-promo -Wuninitialized -Winit-self -Winconsistent-missing-override -Wno-delete-non-virtual-dtor -Wno-unnamed-type-template-args -Wno-comment -fdiagnostics-show-option -Qunused-arguments -ffunction-sections -fdata-sections  -fvisibility=hidden -fvisibility-inlines-hidden  -DNDEBUG -O2    -Wl,--gc-sections -Wl,--as-needed  -O2 @CMakeFiles/cmTC_1d133.dir/objects1.rsp  -o cmTC_1d133.js 
shared:WARNING: ignoring unsupported linker flag: `--gc-sections`
shared:WARNING: ignoring unsupported linker flag: `--as-needed`



Determining if the include file sys/types.h exists passed with the following output:
Change Dir: /Users/tmurphy/git/image/opencv/opencv_default/CMakeFiles/CMakeTmp

Run Build Command(s):/usr/bin/make cmTC_709de/fast && /Applications/Xcode.app/Contents/Developer/usr/bin/make -f CMakeFiles/cmTC_709de.dir/build.make CMakeFiles/cmTC_709de.dir/build
Building C object CMakeFiles/cmTC_709de.dir/CheckIncludeFile.c.o
/Users/tmurphy/git/image/emsdk/upstream/emscripten/emcc   -s WASM=1 -s USE_PTHREADS=0    -fsigned-char -W -Wall -Werror=return-type -Werror=non-virtual-dtor -Werror=address -Werror=sequence-point -Wformat -Werror=format-security -Wmissing-declarations -Wmissing-prototypes -Wstrict-prototypes -Wundef -Winit-self -Wpointer-arith -Wshadow -Wsign-promo -Wuninitialized -Winit-self -Winconsistent-missing-override -Wno-delete-non-virtual-dtor -Wno-unnamed-type-template-args -Wno-comment -fdiagnostics-show-option -Qunused-arguments -ffunction-sections -fdata-sections  -fvisibility=hidden -fvisibility-inlines-hidden  -DNDEBUG -O2   -o CMakeFiles/cmTC_709de.dir/CheckIncludeFile.c.o   -c /Users/tmurphy/git/image/opencv/opencv_default/CMakeFiles/CMakeTmp/CheckIncludeFile.c
Linking C executable cmTC_709de.js
/usr/local/Cellar/cmake/3.16.5/bin/cmake -E cmake_link_script CMakeFiles/cmTC_709de.dir/link.txt --verbose=1
/Users/tmurphy/git/image/emsdk/upstream/emscripten/emcc -s WASM=1 -s USE_PTHREADS=0    -fsigned-char -W -Wall -Werror=return-type -Werror=non-virtual-dtor -Werror=address -Werror=sequence-point -Wformat -Werror=format-security -Wmissing-declarations -Wmissing-prototypes -Wstrict-prototypes -Wundef -Winit-self -Wpointer-arith -Wshadow -Wsign-promo -Wuninitialized -Winit-self -Winconsistent-missing-override -Wno-delete-non-virtual-dtor -Wno-unnamed-type-template-args -Wno-comment -fdiagnostics-show-option -Qunused-arguments -ffunction-sections -fdata-sections  -fvisibility=hidden -fvisibility-inlines-hidden  -DNDEBUG -O2    -Wl,--gc-sections -Wl,--as-needed  -O2 @CMakeFiles/cmTC_709de.dir/objects1.rsp  -o cmTC_709de.js 
shared:WARNING: ignoring unsupported linker flag: `--gc-sections`
shared:WARNING: ignoring unsupported linker flag: `--as-needed`



Determining if the include file stdint.h exists passed with the following output:
Change Dir: /Users/tmurphy/git/image/opencv/opencv_default/CMakeFiles/CMakeTmp

Run Build Command(s):/usr/bin/make cmTC_121f2/fast && /Applications/Xcode.app/Contents/Developer/usr/bin/make -f CMakeFiles/cmTC_121f2.dir/build.make CMakeFiles/cmTC_121f2.dir/build
Building C object CMakeFiles/cmTC_121f2.dir/CheckIncludeFile.c.o
/Users/tmurphy/git/image/emsdk/upstream/emscripten/emcc   -s WASM=1 -s USE_PTHREADS=0    -fsigned-char -W -Wall -Werror=return-type -Werror=non-virtual-dtor -Werror=address -Werror=sequence-point -Wformat -Werror=format-security -Wmissing-declarations -Wmissing-prototypes -Wstrict-prototypes -Wundef -Winit-self -Wpointer-arith -Wshadow -Wsign-promo -Wuninitialized -Winit-self -Winconsistent-missing-override -Wno-delete-non-virtual-dtor -Wno-unnamed-type-template-args -Wno-comment -fdiagnostics-show-option -Qunused-arguments -ffunction-sections -fdata-sections  -fvisibility=hidden -fvisibility-inlines-hidden  -DNDEBUG -O2   -o CMakeFiles/cmTC_121f2.dir/CheckIncludeFile.c.o   -c /Users/tmurphy/git/image/opencv/opencv_default/CMakeFiles/CMakeTmp/CheckIncludeFile.c
Linking C executable cmTC_121f2.js
/usr/local/Cellar/cmake/3.16.5/bin/cmake -E cmake_link_script CMakeFiles/cmTC_121f2.dir/link.txt --verbose=1
/Users/tmurphy/git/image/emsdk/upstream/emscripten/emcc -s WASM=1 -s USE_PTHREADS=0    -fsigned-char -W -Wall -Werror=return-type -Werror=non-virtual-dtor -Werror=address -Werror=sequence-point -Wformat -Werror=format-security -Wmissing-declarations -Wmissing-prototypes -Wstrict-prototypes -Wundef -Winit-self -Wpointer-arith -Wshadow -Wsign-promo -Wuninitialized -Winit-self -Winconsistent-missing-override -Wno-delete-non-virtual-dtor -Wno-unnamed-type-template-args -Wno-comment -fdiagnostics-show-option -Qunused-arguments -ffunction-sections -fdata-sections  -fvisibility=hidden -fvisibility-inlines-hidden  -DNDEBUG -O2    -Wl,--gc-sections -Wl,--as-needed  -O2 @CMakeFiles/cmTC_121f2.dir/objects1.rsp  -o cmTC_121f2.js 
shared:WARNING: ignoring unsupported linker flag: `--gc-sections`
shared:WARNING: ignoring unsupported linker flag: `--as-needed`



Determining if the include file stddef.h exists passed with the following output:
Change Dir: /Users/tmurphy/git/image/opencv/opencv_default/CMakeFiles/CMakeTmp

Run Build Command(s):/usr/bin/make cmTC_fe9b5/fast && /Applications/Xcode.app/Contents/Developer/usr/bin/make -f CMakeFiles/cmTC_fe9b5.dir/build.make CMakeFiles/cmTC_fe9b5.dir/build
Building C object CMakeFiles/cmTC_fe9b5.dir/CheckIncludeFile.c.o
/Users/tmurphy/git/image/emsdk/upstream/emscripten/emcc   -s WASM=1 -s USE_PTHREADS=0    -fsigned-char -W -Wall -Werror=return-type -Werror=non-virtual-dtor -Werror=address -Werror=sequence-point -Wformat -Werror=format-security -Wmissing-declarations -Wmissing-prototypes -Wstrict-prototypes -Wundef -Winit-self -Wpointer-arith -Wshadow -Wsign-promo -Wuninitialized -Winit-self -Winconsistent-missing-override -Wno-delete-non-virtual-dtor -Wno-unnamed-type-template-args -Wno-comment -fdiagnostics-show-option -Qunused-arguments -ffunction-sections -fdata-sections  -fvisibility=hidden -fvisibility-inlines-hidden  -DNDEBUG -O2   -o CMakeFiles/cmTC_fe9b5.dir/CheckIncludeFile.c.o   -c /Users/tmurphy/git/image/opencv/opencv_default/CMakeFiles/CMakeTmp/CheckIncludeFile.c
Linking C executable cmTC_fe9b5.js
/usr/local/Cellar/cmake/3.16.5/bin/cmake -E cmake_link_script CMakeFiles/cmTC_fe9b5.dir/link.txt --verbose=1
/Users/tmurphy/git/image/emsdk/upstream/emscripten/emcc -s WASM=1 -s USE_PTHREADS=0    -fsigned-char -W -Wall -Werror=return-type -Werror=non-virtual-dtor -Werror=address -Werror=sequence-point -Wformat -Werror=format-security -Wmissing-declarations -Wmissing-prototypes -Wstrict-prototypes -Wundef -Winit-self -Wpointer-arith -Wshadow -Wsign-promo -Wuninitialized -Winit-self -Winconsistent-missing-override -Wno-delete-non-virtual-dtor -Wno-unnamed-type-template-args -Wno-comment -fdiagnostics-show-option -Qunused-arguments -ffunction-sections -fdata-sections  -fvisibility=hidden -fvisibility-inlines-hidden  -DNDEBUG -O2    -Wl,--gc-sections -Wl,--as-needed  -O2 @CMakeFiles/cmTC_fe9b5.dir/objects1.rsp  -o cmTC_fe9b5.js 
shared:WARNING: ignoring unsupported linker flag: `--gc-sections`
shared:WARNING: ignoring unsupported linker flag: `--as-needed`



